[debug] [2025-05-28T11:10:24.134Z] ----------------------------------------------------------------------
[debug] [2025-05-28T11:10:24.137Z] Command:       C:\Program Files\nodejs\node.exe C:\Users\omars\AppData\Roaming\npm\node_modules\firebase-tools\lib\bin\firebase.js init
[debug] [2025-05-28T11:10:24.137Z] CLI Version:   14.4.0
[debug] [2025-05-28T11:10:24.137Z] Platform:      win32
[debug] [2025-05-28T11:10:24.137Z] Node Version:  v20.18.0
[debug] [2025-05-28T11:10:24.138Z] Time:          Wed May 28 2025 06:10:24 GMT-0500 (hora estándar oriental)
[debug] [2025-05-28T11:10:24.138Z] ----------------------------------------------------------------------
[debug] 
[debug] [2025-05-28T11:10:24.143Z] > command requires scopes: ["email","openid","https://www.googleapis.com/auth/cloudplatformprojects.readonly","https://www.googleapis.com/auth/firebase","https://www.googleapis.com/auth/cloud-platform"]
[debug] [2025-05-28T11:10:24.143Z] > authorizing via signed-in user (ballzkai06@gmail.com)
[info] 
     ######## #### ########  ######## ########     ###     ######  ########
     ##        ##  ##     ## ##       ##     ##  ##   ##  ##       ##
     ######    ##  ########  ######   ########  #########  ######  ######
     ##        ##  ##    ##  ##       ##     ## ##     ##       ## ##
     ##       #### ##     ## ######## ########  ##     ##  ######  ########

You're about to initialize a Firebase project in this directory:

  C:\Users\omars\OneDrive\Escritorio\fonocom

[info] 
=== Project Setup
[info] 
[info] First, let's associate this project directory with a Firebase project.
[info] You can create multiple project aliases by running firebase use --add, 
[info] but for now we'll just set up a default project.
[info] 
[info] i  If you want to create a project in a Google Cloud organization or folder, please use "firebase projects:create" instead, and return to this command when you've created the project. 
[debug] [2025-05-28T11:10:42.139Z] Checked if tokens are valid: true, expires at: 1748432702783
[debug] [2025-05-28T11:10:42.140Z] Checked if tokens are valid: true, expires at: 1748432702783
[debug] [2025-05-28T11:10:42.141Z] >>> [apiv2][query] POST https://cloudresourcemanager.googleapis.com/v1/projects [none]
[debug] [2025-05-28T11:10:42.141Z] >>> [apiv2][body] POST https://cloudresourcemanager.googleapis.com/v1/projects {"projectId":"fonocom","name":"fonocom"}
[debug] [2025-05-28T11:10:42.981Z] <<< [apiv2][status] POST https://cloudresourcemanager.googleapis.com/v1/projects 409
[debug] [2025-05-28T11:10:42.981Z] <<< [apiv2][body] POST https://cloudresourcemanager.googleapis.com/v1/projects {"error":{"code":409,"message":"Requested entity already exists","status":"ALREADY_EXISTS"}}
[debug] [2025-05-28T11:10:43.232Z] FirebaseError: Request to https://cloudresourcemanager.googleapis.com/v1/projects had HTTP Error: 409, Requested entity already exists
    at responseToError (C:\Users\omars\AppData\Roaming\npm\node_modules\firebase-tools\lib\responseToError.js:52:12)
    at RetryOperation._fn (C:\Users\omars\AppData\Roaming\npm\node_modules\firebase-tools\lib\apiv2.js:312:77)
    at process.processTicksAndRejections (node:internal/process/task_queues:95:5)
[error] 
[error] Error: Failed to create project because there is already a project with ID fonocom. Please try again with a unique project ID.
[debug] [2025-05-28T11:10:57.221Z] ----------------------------------------------------------------------
[debug] [2025-05-28T11:10:57.224Z] Command:       C:\Program Files\nodejs\node.exe C:\Users\omars\AppData\Roaming\npm\node_modules\firebase-tools\lib\bin\firebase.js init
[debug] [2025-05-28T11:10:57.225Z] CLI Version:   14.4.0
[debug] [2025-05-28T11:10:57.225Z] Platform:      win32
[debug] [2025-05-28T11:10:57.225Z] Node Version:  v20.18.0
[debug] [2025-05-28T11:10:57.225Z] Time:          Wed May 28 2025 06:10:57 GMT-0500 (hora estándar oriental)
[debug] [2025-05-28T11:10:57.225Z] ----------------------------------------------------------------------
[debug] 
[debug] [2025-05-28T11:10:57.232Z] > command requires scopes: ["email","openid","https://www.googleapis.com/auth/cloudplatformprojects.readonly","https://www.googleapis.com/auth/firebase","https://www.googleapis.com/auth/cloud-platform"]
[debug] [2025-05-28T11:10:57.233Z] > authorizing via signed-in user (ballzkai06@gmail.com)
[info] 
     ######## #### ########  ######## ########     ###     ######  ########
     ##        ##  ##     ## ##       ##     ##  ##   ##  ##       ##
     ######    ##  ########  ######   ########  #########  ######  ######
     ##        ##  ##    ##  ##       ##     ## ##     ##       ## ##
     ##       #### ##     ## ######## ########  ##     ##  ######  ########

You're about to initialize a Firebase project in this directory:

  C:\Users\omars\OneDrive\Escritorio\fonocom

[info] 
=== Project Setup
[info] 
[info] First, let's associate this project directory with a Firebase project.
[info] You can create multiple project aliases by running firebase use --add, 
[info] but for now we'll just set up a default project.
[info] 
[info] i  If you want to create a project in a Google Cloud organization or folder, please use "firebase projects:create" instead, and return to this command when you've created the project. 
[debug] [2025-05-28T11:11:22.838Z] Checked if tokens are valid: true, expires at: 1748432702783
[debug] [2025-05-28T11:11:22.839Z] Checked if tokens are valid: true, expires at: 1748432702783
[debug] [2025-05-28T11:11:22.840Z] >>> [apiv2][query] POST https://cloudresourcemanager.googleapis.com/v1/projects [none]
[debug] [2025-05-28T11:11:22.840Z] >>> [apiv2][body] POST https://cloudresourcemanager.googleapis.com/v1/projects {"projectId":"fonoCom","name":"fonoCom"}
[debug] [2025-05-28T11:11:23.486Z] <<< [apiv2][status] POST https://cloudresourcemanager.googleapis.com/v1/projects 400
[debug] [2025-05-28T11:11:23.487Z] <<< [apiv2][body] POST https://cloudresourcemanager.googleapis.com/v1/projects {"error":{"code":400,"message":"field [project_id] has issue [project_id contains invalid characters]","status":"INVALID_ARGUMENT","details":[{"@type":"type.googleapis.com/google.rpc.BadRequest","fieldViolations":[{"field":"project_id","description":"project_id contains invalid characters"}]},{"@type":"type.googleapis.com/google.rpc.Help","links":[{"url":"https://cloud.google.com/resource-manager/reference/rest/v1/projects"}]}]}}
[debug] [2025-05-28T11:11:23.679Z] FirebaseError: Request to https://cloudresourcemanager.googleapis.com/v1/projects had HTTP Error: 400, field [project_id] has issue [project_id contains invalid characters]
    at responseToError (C:\Users\omars\AppData\Roaming\npm\node_modules\firebase-tools\lib\responseToError.js:52:12)
    at RetryOperation._fn (C:\Users\omars\AppData\Roaming\npm\node_modules\firebase-tools\lib\apiv2.js:312:77)
    at process.processTicksAndRejections (node:internal/process/task_queues:95:5)
[error] 
[error] Error: Failed to create project. See firebase-debug.log for more info.
[debug] [2025-05-28T11:12:34.205Z] ----------------------------------------------------------------------
[debug] [2025-05-28T11:12:34.223Z] Command:       C:\Program Files\nodejs\node.exe C:\Users\omars\AppData\Roaming\npm\node_modules\firebase-tools\lib\bin\firebase.js init
[debug] [2025-05-28T11:12:34.224Z] CLI Version:   14.4.0
[debug] [2025-05-28T11:12:34.224Z] Platform:      win32
[debug] [2025-05-28T11:12:34.224Z] Node Version:  v20.18.0
[debug] [2025-05-28T11:12:34.225Z] Time:          Wed May 28 2025 06:12:34 GMT-0500 (hora estándar oriental)
[debug] [2025-05-28T11:12:34.225Z] ----------------------------------------------------------------------
[debug] 
[debug] [2025-05-28T11:12:34.236Z] > command requires scopes: ["email","openid","https://www.googleapis.com/auth/cloudplatformprojects.readonly","https://www.googleapis.com/auth/firebase","https://www.googleapis.com/auth/cloud-platform"]
[debug] [2025-05-28T11:12:34.237Z] > authorizing via signed-in user (ballzkai06@gmail.com)
[info] 
     ######## #### ########  ######## ########     ###     ######  ########
     ##        ##  ##     ## ##       ##     ##  ##   ##  ##       ##
     ######    ##  ########  ######   ########  #########  ######  ######
     ##        ##  ##    ##  ##       ##     ## ##     ##       ## ##
     ##       #### ##     ## ######## ########  ##     ##  ######  ########

You're about to initialize a Firebase project in this directory:

  C:\Users\omars\OneDrive\Escritorio\fonocom

[info] 
=== Project Setup
[info] 
[info] First, let's associate this project directory with a Firebase project.
[info] You can create multiple project aliases by running firebase use --add, 
[info] but for now we'll just set up a default project.
[info] 
[info] i  If you want to create a project in a Google Cloud organization or folder, please use "firebase projects:create" instead, and return to this command when you've created the project. 
[debug] [2025-05-28T11:13:11.387Z] Checked if tokens are valid: true, expires at: 1748432702783
[debug] [2025-05-28T11:13:11.388Z] Checked if tokens are valid: true, expires at: 1748432702783
[debug] [2025-05-28T11:13:11.390Z] >>> [apiv2][query] POST https://cloudresourcemanager.googleapis.com/v1/projects [none]
[debug] [2025-05-28T11:13:11.390Z] >>> [apiv2][body] POST https://cloudresourcemanager.googleapis.com/v1/projects {"projectId":"postobon","name":"Fonocom"}
[debug] [2025-05-28T11:13:31.047Z] *** [apiv2] error from fetch(https://cloudresourcemanager.googleapis.com/v1/projects, {"headers":{},"method":"POST","signal":{},"body":"{\"projectId\":\"postobon\",\"name\":\"Fonocom\"}"}): FetchError: request to https://cloudresourcemanager.googleapis.com/v1/projects failed, reason: socket hang up
[debug] [2025-05-28T11:13:31.499Z] FirebaseError: Failed to make request to https://cloudresourcemanager.googleapis.com/v1/projects
    at RetryOperation._fn (C:\Users\omars\AppData\Roaming\npm\node_modules\firebase-tools\lib\apiv2.js:261:31)
    at process.processTicksAndRejections (node:internal/process/task_queues:95:5)
[error] 
[error] Error: Failed to create project. See firebase-debug.log for more info.
